[INFO ] 2019-07-30 17:59:51.584 [restartedMain] example.App - Starting App on Rajnish with PID 2092 (E:\spring_boot_workspace\SimpleWEBApplication\target\classes started by lenovo in E:\spring_boot_workspace\SimpleWEBApplication)
[INFO ] 2019-07-30 17:59:51.595 [restartedMain] example.App - No active profile set, falling back to default profiles: default
[INFO ] 2019-07-30 17:59:51.979 [restartedMain] embedded.AnnotationConfigEmbeddedWebApplicationContext - Refreshing org.springframework.boot.context.embedded.AnnotationConfigEmbeddedWebApplicationContext@ffffdae: startup date [Tue Jul 30 17:59:51 IST 2019]; root of context hierarchy
[INFO ] 2019-07-30 17:59:52.724 [background-preinit] util.Version - HV000001: Hibernate Validator 5.3.6.Final
[INFO ] 2019-07-30 18:00:04.994 [restartedMain] tomcat.TomcatEmbeddedServletContainer - Tomcat initialized with port(s): 8080 (http)
[INFO ] 2019-07-30 18:00:05.071 [restartedMain] core.StandardService - Starting service [Tomcat]
[INFO ] 2019-07-30 18:00:05.074 [restartedMain] core.StandardEngine - Starting Servlet Engine: Apache Tomcat/8.5.23
[INFO ] 2019-07-30 18:00:09.882 [localhost-startStop-1] [localhost].[/] - Initializing Spring embedded WebApplicationContext
[INFO ] 2019-07-30 18:00:09.882 [localhost-startStop-1] context.ContextLoader - Root WebApplicationContext: initialization completed in 18076 ms
[INFO ] 2019-07-30 18:00:10.281 [localhost-startStop-1] servlet.ServletRegistrationBean - Mapping servlet: 'dispatcherServlet' to [/]
[INFO ] 2019-07-30 18:00:10.289 [localhost-startStop-1] servlet.FilterRegistrationBean - Mapping filter: 'characterEncodingFilter' to: [/*]
[INFO ] 2019-07-30 18:00:10.289 [localhost-startStop-1] servlet.FilterRegistrationBean - Mapping filter: 'hiddenHttpMethodFilter' to: [/*]
[INFO ] 2019-07-30 18:00:10.289 [localhost-startStop-1] servlet.FilterRegistrationBean - Mapping filter: 'httpPutFormContentFilter' to: [/*]
[INFO ] 2019-07-30 18:00:10.290 [localhost-startStop-1] servlet.FilterRegistrationBean - Mapping filter: 'requestContextFilter' to: [/*]
[INFO ] 2019-07-30 18:00:11.038 [restartedMain] annotation.RequestMappingHandlerAdapter - Looking for @ControllerAdvice: org.springframework.boot.context.embedded.AnnotationConfigEmbeddedWebApplicationContext@ffffdae: startup date [Tue Jul 30 17:59:51 IST 2019]; root of context hierarchy
[INFO ] 2019-07-30 18:00:11.290 [restartedMain] annotation.RequestMappingHandlerMapping - Mapped "{[/greeting],methods=[GET]}" onto public java.lang.String com.rajnish.example.App.greetingMessage()
[INFO ] 2019-07-30 18:00:11.295 [restartedMain] annotation.RequestMappingHandlerMapping - Mapped "{[/error]}" onto public org.springframework.http.ResponseEntity<java.util.Map<java.lang.String, java.lang.Object>> org.springframework.boot.autoconfigure.web.BasicErrorController.error(javax.servlet.http.HttpServletRequest)
[INFO ] 2019-07-30 18:00:11.296 [restartedMain] annotation.RequestMappingHandlerMapping - Mapped "{[/error],produces=[text/html]}" onto public org.springframework.web.servlet.ModelAndView org.springframework.boot.autoconfigure.web.BasicErrorController.errorHtml(javax.servlet.http.HttpServletRequest,javax.servlet.http.HttpServletResponse)
[INFO ] 2019-07-30 18:00:11.390 [restartedMain] handler.SimpleUrlHandlerMapping - Mapped URL path [/webjars/**] onto handler of type [class org.springframework.web.servlet.resource.ResourceHttpRequestHandler]
[INFO ] 2019-07-30 18:00:11.390 [restartedMain] handler.SimpleUrlHandlerMapping - Mapped URL path [/**] onto handler of type [class org.springframework.web.servlet.resource.ResourceHttpRequestHandler]
[INFO ] 2019-07-30 18:00:11.466 [restartedMain] handler.SimpleUrlHandlerMapping - Mapped URL path [/**/favicon.ico] onto handler of type [class org.springframework.web.servlet.resource.ResourceHttpRequestHandler]
[INFO ] 2019-07-30 18:00:11.775 [restartedMain] autoconfigure.OptionalLiveReloadServer - LiveReload server is running on port 35729
[INFO ] 2019-07-30 18:00:11.886 [restartedMain] annotation.AnnotationMBeanExporter - Registering beans for JMX exposure on startup
[INFO ] 2019-07-30 18:00:11.919 [restartedMain] http11.Http11NioProtocol - Initializing ProtocolHandler ["http-nio-8080"]
[INFO ] 2019-07-30 18:00:12.089 [restartedMain] http11.Http11NioProtocol - Starting ProtocolHandler ["http-nio-8080"]
[INFO ] 2019-07-30 18:00:12.184 [restartedMain] net.NioSelectorPool - Using a shared selector for servlet write/read
[INFO ] 2019-07-30 18:00:12.223 [restartedMain] tomcat.TomcatEmbeddedServletContainer - Tomcat started on port(s): 8080 (http)
[INFO ] 2019-07-30 18:00:12.236 [restartedMain] example.App - Started App in 21.742 seconds (JVM running for 38.59)
[INFO ] 2019-07-30 18:02:08.486 [http-nio-8080-exec-1] [localhost].[/] - Initializing Spring FrameworkServlet 'dispatcherServlet'
[INFO ] 2019-07-30 18:02:08.486 [http-nio-8080-exec-1] servlet.DispatcherServlet - FrameworkServlet 'dispatcherServlet': initialization started
[INFO ] 2019-07-30 18:02:08.532 [http-nio-8080-exec-1] servlet.DispatcherServlet - FrameworkServlet 'dispatcherServlet': initialization completed in 45 ms
[INFO ] 2019-07-30 18:02:08.737 [http-nio-8080-exec-1] example.App - Called Greeting Method....
[INFO ] 2019-07-30 18:03:37.366 [http-nio-8080-exec-5] example.App - Called Greeting Method....
[INFO ] 2019-07-30 18:03:38.354 [http-nio-8080-exec-7] example.App - Called Greeting Method....
